e:\c++\project10\x64\debug\vc143.pdb
e:\c++\project10\x64\debug\vc143.idb
e:\c++\project10\x64\debug\1.3.3.结构体的指针.obj
e:\c++\project10\x64\debug\1.3.2.结构体的数组.obj
e:\c++\project10\x64\debug\1.3.1.结构体.obj
e:\c++\project10\x64\debug\1.2.8.指针数组函数案列.obj
e:\c++\project10\x64\debug\1.2.7.指针和函数.obj
e:\c++\project10\x64\debug\1.2.6.指针和数组.obj
e:\c++\project10\x64\debug\1.2.5.const指针用法.obj
e:\c++\project10\x64\debug\1.2.4.野指针.obj
e:\c++\project10\x64\debug\1.2.3.空指针.obj
e:\c++\project10\x64\debug\1.2.2.指针所占用的内存空间.obj
e:\c++\project10\x64\debug\1.2.1指针的定义和使用.obj
e:\c++\project10\x64\debug\1.1.8练习三只小猪称重.obj
e:\c++\project10\x64\debug\1.1.7函数的数值传递.obj
e:\c++\project10\x64\debug\1.1.7函数分文件编写.obj
e:\c++\project10\x64\debug\1.1.6函数的声明.obj
e:\c++\project10\x64\debug\1.1.5函数的定义.obj
e:\c++\project10\x64\debug\1.1.4函数常见样式.obj
e:\c++\project10\x64\debug\1.1.3定义不可修改的数值.obj
e:\c++\project10\x64\debug\1.1.2sizeof关键字.obj
e:\c++\project10\x64\debug\1.1.1整形.obj
e:\c++\project10\x64\debug\3.1.2.封装的学生类的练习.obj
e:\c++\project10\x64\debug\3.1.1.封装的意义.obj
e:\c++\project10\x64\debug\2.3.4.函数重载的注意事项.obj
e:\c++\project10\x64\debug\2.3.3.函数的重载.obj
e:\c++\project10\x64\debug\2.3.2.函数占位参数.obj
e:\c++\project10\x64\debug\2.3.1.函数的默认参数.obj
e:\c++\project10\x64\debug\2.2.5.常量引用.obj
e:\c++\project10\x64\debug\2.2.4.引用的本质.obj
e:\c++\project10\x64\debug\2.2.3.引用函数做返回值.obj
e:\c++\project10\x64\debug\2.2.2.引用做函数参数.obj
e:\c++\project10\x64\debug\2.2.1.引用的基本语法.obj
e:\c++\project10\x64\debug\2.1.4.new的操作符.obj
e:\c++\project10\x64\debug\2.1.3.堆区.obj
e:\c++\project10\x64\debug\2.1.2.栈区.obj
e:\c++\project10\x64\debug\2.1.1.全局区.obj
e:\c++\project10\x64\debug\1.3.8.结构体案例二.obj
e:\c++\project10\x64\debug\1.3.7.结构体案例.obj
e:\c++\project10\x64\debug\1.3.6.const的使用场景.obj
e:\c++\project10\x64\debug\1.3.5.结构体作为函数参数.obj
e:\c++\project10\x64\debug\1.3.4.结构体嵌套结构体.obj
e:\c++\project10\x64\debug\4.4.3.成员函数做友元.obj
e:\c++\project10\x64\debug\4.4.2.类做友元.obj
e:\c++\project10\x64\debug\4.4.1.全局函数做友元.obj
e:\c++\project10\x64\debug\3.3.4.const修饰成员函数.obj
e:\c++\project10\x64\debug\3.3.3.空指针访问成员函数.obj
e:\c++\project10\x64\debug\3.3.2.this指针概念.obj
e:\c++\project10\x64\debug\3.3.1.成员变量和成员函数分开存储.obj
e:\c++\project10\x64\debug\3.2.9.静态成员-静态成员函数.obj
e:\c++\project10\x64\debug\3.2.8.静态成员-静态成员变量.obj
e:\c++\project10\x64\debug\3.2.7.类的对象作为类的成员.obj
e:\c++\project10\x64\debug\3.2.6.c++的初始化列表.obj
e:\c++\project10\x64\debug\3.2.5.深拷贝和浅拷贝.obj
e:\c++\project10\x64\debug\3.2.4.构造函数调用规则.obj
e:\c++\project10\x64\debug\3.2.3.拷贝构造函数调用时机.obj
e:\c++\project10\x64\debug\3.2.2.构造函数的分类及调用.obj
e:\c++\project10\x64\debug\3.2.1.构造函数和析构函数.obj
e:\c++\project10\x64\debug\3.1.6.设计立方体类.obj
e:\c++\project10\x64\debug\3.1.5.成员属性设置为私有.obj
e:\c++\project10\x64\debug\3.1.4.class和struck的区别.obj
e:\c++\project10\x64\debug\3.1.3.封装的访问权限.obj
e:\c++\project10\x64\debug\4.6.8菱形继承.obj
e:\c++\project10\x64\debug\4.6.7多继承语法.obj
e:\c++\project10\x64\debug\4.6.6继承同名静态成员处理方式.obj
e:\c++\project10\x64\debug\4.6.5继承同名成员处理方式.obj
e:\c++\project10\x64\debug\4.6.4继承中的构造和析构函数.obj
e:\c++\project10\x64\debug\4.6.3继承中的对象模型.obj
e:\c++\project10\x64\debug\4.6.2继承方式.obj
e:\c++\project10\x64\debug\4.6.1继承的基本语法.obj
e:\c++\project10\x64\debug\4.5.6函数调用运算符重载.obj
e:\c++\project10\x64\debug\4.5.5关系运算符重载.obj
e:\c++\project10\x64\debug\4.5.4赋值运算符重载.obj
e:\c++\project10\x64\debug\4.5.3递增运算符重载.obj
e:\c++\project10\x64\debug\4.5.2左移运算符重载.obj
e:\c++\project10\x64\debug\4.5.1加号运算符重载.obj
e:\c++\project10\x64\debug\4.7.1多态的基本概念.obj
e:\c++\project10\x64\debug\project10.exe
e:\c++\project10\x64\debug\project10.ilk
e:\c++\project10\x64\debug\project10.pdb
e:\c++\project10\x64\debug\project10.tlog\cl.command.1.tlog
e:\c++\project10\x64\debug\project10.tlog\cl.read.1.tlog
e:\c++\project10\x64\debug\project10.tlog\cl.write.1.tlog
e:\c++\project10\x64\debug\project10.tlog\link.command.1.tlog
e:\c++\project10\x64\debug\project10.tlog\link.read.1.tlog
e:\c++\project10\x64\debug\project10.tlog\link.write.1.tlog
